#
# A fatal error has been detected by the Java Runtime Environment:
#
#  EXCEPTION_ACCESS_VIOLATION (0xc0000005) at pc=0x00007ffda6e6fdb5, pid=15260, tid=15376
#
# JRE version: Java(TM) SE Runtime Environment (21.0.4+8) (build 21.0.4+8-LTS-274)
# Java VM: Java HotSpot(TM) 64-Bit Server VM (21.0.4+8-LTS-274, mixed mode, sharing, tiered, compressed oops, compressed class ptrs, g1 gc, windows-amd64)
# Problematic frame:
# C  [ig12icd64.dll+0x2afdb5]
#
# No core dump will be written. Minidumps are not enabled by default on client versions of Windows
#
# If you would like to submit a bug report, please visit:
#   https://bugreport.java.com/bugreport/crash.jsp
# The crash happened outside the Java Virtual Machine in native code.
# See problematic frame for where to report the bug.
#

---------------  S U M M A R Y ------------

Command Line: -Ddebugger.agent.enable.coroutines=true -Dkotlinx.coroutines.debug.enable.creation.stack.trace=false -agentlib:jdwp=transport=dt_socket,server=n,suspend=y,address=127.0.0.1:62650 -javaagent:C:\Users\rober\AppData\Local\JetBrains\IdeaIC2024.2\captureAgent\debugger-agent.jar -Dfile.encoding=UTF-8 -Duser.country=DE -Duser.language=de -Duser.variant io.github.some_example_name.lwjgl3.Lwjgl3Launcher

Host: 11th Gen Intel(R) Core(TM) i5-1135G7 @ 2.40GHz, 8 cores, 15G,  Windows 10 , 64 bit Build 19041 (10.0.19041.5678)
Time: Mon Apr 28 14:54:46 2025 Mitteleuropäische Sommerzeit elapsed time: 363.065647 seconds (0d 0h 6m 3s)

---------------  T H R E A D  ---------------

Current thread (0x0000017a3bc36020):  JavaThread "JDWP Transport Listener: dt_socket" daemon [_thread_in_native, id=15376, stack(0x000000083ad00000,0x000000083ae00000) (1024K)]

Stack: [0x000000083ad00000,0x000000083ae00000],  sp=0x000000083adfe350,  free space=1016k
Native frames: (J=compiled Java code, j=interpreted, Vv=VM code, C=native code)
C  [ig12icd64.dll+0x2afdb5]
